<?xml version="1.0" encoding="UTF-8"?>
<robot generator="Robot 4.1 (Python 3.8.10 on win32)" generated="20220531 09:13:07.412" rpa="false" schemaversion="2">
<suite id="s1" name="Robot Interactive Console" source="c:\Users\yanhonghao\.vscode\extensions\robocorp.robotframework-lsp-0.48.0\src\robotframework_ls\vendored\robotframework_interactive\robot_interactive_console.robot">
<test id="s1-t1" name="Default Task/Test">
<kw name="Interpreter Main Loop" library="MainLoop">
<kw name="Log" library="BuiltIn">
<arg>Done.</arg>
<doc>Logs the given message with the given level.</doc>
<status status="PASS" starttime="20220531 09:13:08.721" endtime="20220531 09:13:08.721"/>
</kw>
<status status="PASS" starttime="20220531 09:13:07.464" endtime="20220531 09:13:13.238"/>
</kw>
<status status="PASS" starttime="20220531 09:13:07.462" endtime="20220531 09:13:13.238"/>
</test>
<status status="PASS" starttime="20220531 09:13:07.414" endtime="20220531 09:13:13.240"/>
</suite>
<statistics>
<total>
<stat pass="1" fail="0" skip="0">All Tests</stat>
</total>
<tag>
</tag>
<suite>
<stat pass="1" fail="0" skip="0" id="s1" name="Robot Interactive Console">Robot Interactive Console</stat>
</suite>
</statistics>
<errors>
</errors>
</robot>
